# JRE version: OpenJDK Runtime Environment Temurin-17.0.2+8 (17.0.2+8) (build 17.0.2+8)
# Java VM: OpenJDK 64-Bit Server VM Temurin-17.0.2+8 (17.0.2+8, mixed mode, tiered, compressed oops, compressed class ptrs, parallel gc, windows-amd64)
GC Precious Log:
 CPUs: 12 total, 12 available
 Memory: 7955M
 Large Page Support: Disabled
 NUMA Support: Disabled
 Compressed Oops: Enabled (32-bit)
 Alignments: Space 512K, Generation 512K, Heap 2M
 Heap Min Capacity: 100M
 Heap Initial Capacity: 100M
 Heap Max Capacity: 1G
 Pre-touch: Disabled
 Parallel Workers: 10
Heap:
 PSYoungGen      total 5632K, used 1011K [0x00000000eab00000, 0x00000000eb200000, 0x0000000100000000)
  eden space 4096K, 0% used [0x00000000eab00000,0x00000000eab00000,0x00000000eaf00000)
  from space 1536K, 65% used [0x00000000eaf00000,0x00000000eaffcff8,0x00000000eb080000)
  to   space 1536K, 0% used [0x00000000eb080000,0x00000000eb080000,0x00000000eb200000)
 ParOldGen       total 169984K, used 168335K [0x00000000c0000000, 0x00000000ca600000, 0x00000000eab00000)
  object space 169984K, 99% used [0x00000000c0000000,0x00000000ca463f28,0x00000000ca600000)
 Metaspace       used 46950K, committed 47744K, reserved 1097728K
  class space    used 5120K, committed 5440K, reserved 1048576K
GC Heap History (20 events):
Event: 23.975 GC heap before
{Heap before GC invocations=91 (full 6):
 PSYoungGen      total 6656K, used 6580K [0x00000000eab00000, 0x00000000eb500000, 0x0000000100000000)
  eden space 4608K, 100% used [0x00000000eab00000,0x00000000eaf80000,0x00000000eaf80000)
  from space 2048K, 96% used [0x00000000eb300000,0x00000000eb4ed150,0x00000000eb500000)
  to   space 2560K, 0% used [0x00000000eb000000,0x00000000eb000000,0x00000000eb280000)
 ParOldGen       total 169984K, used 154938K [0x00000000c0000000, 0x00000000ca600000, 0x00000000eab00000)
  object space 169984K, 91% used [0x00000000c0000000,0x00000000c974e988,0x00000000ca600000)
 Metaspace       used 46950K, committed 47744K, reserved 1097728K
  class space    used 5120K, committed 5440K, reserved 1048576K
}
Event: 23.980 GC heap after
{Heap after GC invocations=91 (full 6):
 PSYoungGen      total 7168K, used 2198K [0x00000000eab00000, 0x00000000eb480000, 0x0000000100000000)
  eden space 4608K, 0% used [0x00000000eab00000,0x00000000eab00000,0x00000000eaf80000)
  from space 2560K, 85% used [0x00000000eb000000,0x00000000eb225a48,0x00000000eb280000)
  to   space 2048K, 0% used [0x00000000eb280000,0x00000000eb280000,0x00000000eb480000)
 ParOldGen       total 169984K, used 155755K [0x00000000c0000000, 0x00000000ca600000, 0x00000000eab00000)
  object space 169984K, 91% used [0x00000000c0000000,0x00000000c981aff8,0x00000000ca600000)
 Metaspace       used 46950K, committed 47744K, reserved 1097728K
  class space    used 5120K, committed 5440K, reserved 1048576K
}
Event: 24.034 GC heap before
{Heap before GC invocations=92 (full 6):
 PSYoungGen      total 7168K, used 6806K [0x00000000eab00000, 0x00000000eb480000, 0x0000000100000000)
  eden space 4608K, 99% used [0x00000000eab00000,0x00000000eaf7fff8,0x00000000eaf80000)
  from space 2560K, 85% used [0x00000000eb000000,0x00000000eb225a48,0x00000000eb280000)
  to   space 2048K, 0% used [0x00000000eb280000,0x00000000eb280000,0x00000000eb480000)
 ParOldGen       total 169984K, used 155755K [0x00000000c0000000, 0x00000000ca600000, 0x00000000eab00000)
  object space 169984K, 91% used [0x00000000c0000000,0x00000000c981aff8,0x00000000ca600000)
 Metaspace       used 46950K, committed 47744K, reserved 1097728K
  class space    used 5120K, committed 5440K, reserved 1048576K
}
Event: 24.040 GC heap after
{Heap after GC invocations=92 (full 6):
 PSYoungGen      total 6144K, used 2032K [0x00000000eab00000, 0x00000000eb680000, 0x0000000100000000)
  eden space 4096K, 0% used [0x00000000eab00000,0x00000000eab00000,0x00000000eaf00000)
  from space 2048K, 99% used [0x00000000eb280000,0x00000000eb47c3c0,0x00000000eb480000)
  to   space 3584K, 0% used [0x00000000eaf00000,0x00000000eaf00000,0x00000000eb280000)
 ParOldGen       total 169984K, used 156958K [0x00000000c0000000, 0x00000000ca600000, 0x00000000eab00000)
  object space 169984K, 92% used [0x00000000c0000000,0x00000000c9947ab0,0x00000000ca600000)
 Metaspace       used 46950K, committed 47744K, reserved 1097728K
  class space    used 5120K, committed 5440K, reserved 1048576K
}
Event: 24.092 GC heap before
{Heap before GC invocations=93 (full 6):
 PSYoungGen      total 6144K, used 6128K [0x00000000eab00000, 0x00000000eb680000, 0x0000000100000000)
  eden space 4096K, 100% used [0x00000000eab00000,0x00000000eaf00000,0x00000000eaf00000)
  from space 2048K, 99% used [0x00000000eb280000,0x00000000eb47c3c0,0x00000000eb480000)
  to   space 3584K, 0% used [0x00000000eaf00000,0x00000000eaf00000,0x00000000eb280000)
 ParOldGen       total 169984K, used 156958K [0x00000000c0000000, 0x00000000ca600000, 0x00000000eab00000)
  object space 169984K, 92% used [0x00000000c0000000,0x00000000c9947ab0,0x00000000ca600000)
 Metaspace       used 46950K, committed 47744K, reserved 1097728K
  class space    used 5120K, committed 5440K, reserved 1048576K
}
Event: 24.096 GC heap after
{Heap after GC invocations=93 (full 6):
 PSYoungGen      total 5632K, used 1077K [0x00000000eab00000, 0x00000000eb300000, 0x0000000100000000)
  eden space 4096K, 0% used [0x00000000eab00000,0x00000000eab00000,0x00000000eaf00000)
  from space 1536K, 70% used [0x00000000eaf00000,0x00000000eb00d610,0x00000000eb080000)
  to   space 2048K, 0% used [0x00000000eb100000,0x00000000eb100000,0x00000000eb300000)
 ParOldGen       total 169984K, used 159010K [0x00000000c0000000, 0x00000000ca600000, 0x00000000eab00000)
  object space 169984K, 93% used [0x00000000c0000000,0x00000000c9b489f0,0x00000000ca600000)
 Metaspace       used 46950K, committed 47744K, reserved 1097728K
  class space    used 5120K, committed 5440K, reserved 1048576K
}
Event: 24.148 GC heap before
{Heap before GC invocations=94 (full 6):
 PSYoungGen      total 5632K, used 5173K [0x00000000eab00000, 0x00000000eb300000, 0x0000000100000000)
  eden space 4096K, 100% used [0x00000000eab00000,0x00000000eaf00000,0x00000000eaf00000)
  from space 1536K, 70% used [0x00000000eaf00000,0x00000000eb00d610,0x00000000eb080000)
  to   space 2048K, 0% used [0x00000000eb100000,0x00000000eb100000,0x00000000eb300000)
 ParOldGen       total 169984K, used 159010K [0x00000000c0000000, 0x00000000ca600000, 0x00000000eab00000)
  object space 169984K, 93% used [0x00000000c0000000,0x00000000c9b489f0,0x00000000ca600000)
 Metaspace       used 46950K, committed 47744K, reserved 1097728K
  class space    used 5120K, committed 5440K, reserved 1048576K
}
Event: 24.152 GC heap after
{Heap after GC invocations=94 (full 6):
 PSYoungGen      total 5120K, used 928K [0x00000000eab00000, 0x00000000eb200000, 0x0000000100000000)
  eden space 4096K, 0% used [0x00000000eab00000,0x00000000eab00000,0x00000000eaf00000)
  from space 1024K, 90% used [0x00000000eb100000,0x00000000eb1e8000,0x00000000eb200000)
  to   space 1536K, 0% used [0x00000000eaf00000,0x00000000eaf00000,0x00000000eb080000)
 ParOldGen       total 169984K, used 159921K [0x00000000c0000000, 0x00000000ca600000, 0x00000000eab00000)
  object space 169984K, 94% used [0x00000000c0000000,0x00000000c9c2c550,0x00000000ca600000)
 Metaspace       used 46950K, committed 47744K, reserved 1097728K
  class space    used 5120K, committed 5440K, reserved 1048576K
}
Event: 24.208 GC heap before
{Heap before GC invocations=95 (full 6):
 PSYoungGen      total 5120K, used 5024K [0x00000000eab00000, 0x00000000eb200000, 0x0000000100000000)
  eden space 4096K, 100% used [0x00000000eab00000,0x00000000eaf00000,0x00000000eaf00000)
  from space 1024K, 90% used [0x00000000eb100000,0x00000000eb1e8000,0x00000000eb200000)
  to   space 1536K, 0% used [0x00000000eaf00000,0x00000000eaf00000,0x00000000eb080000)
 ParOldGen       total 169984K, used 159921K [0x00000000c0000000, 0x00000000ca600000, 0x00000000eab00000)
  object space 169984K, 94% used [0x00000000c0000000,0x00000000c9c2c550,0x00000000ca600000)
 Metaspace       used 46950K, committed 47744K, reserved 1097728K
  class space    used 5120K, committed 5440K, reserved 1048576K
}
Event: 24.212 GC heap after
{Heap after GC invocations=95 (full 6):
 PSYoungGen      total 5632K, used 1109K [0x00000000eab00000, 0x00000000eb200000, 0x0000000100000000)
  eden space 4096K, 0% used [0x00000000eab00000,0x00000000eab00000,0x00000000eaf00000)
  from space 1536K, 72% used [0x00000000eaf00000,0x00000000eb015660,0x00000000eb080000)
  to   space 1536K, 0% used [0x00000000eb080000,0x00000000eb080000,0x00000000eb200000)
 ParOldGen       total 169984K, used 160745K [0x00000000c0000000, 0x00000000ca600000, 0x00000000eab00000)
  object space 169984K, 94% used [0x00000000c0000000,0x00000000c9cfa5f8,0x00000000ca600000)
 Metaspace       used 46950K, committed 47744K, reserved 1097728K
  class space    used 5120K, committed 5440K, reserved 1048576K
}
Event: 24.257 GC heap before
{Heap before GC invocations=96 (full 6):
 PSYoungGen      total 5632K, used 5205K [0x00000000eab00000, 0x00000000eb200000, 0x0000000100000000)
  eden space 4096K, 100% used [0x00000000eab00000,0x00000000eaf00000,0x00000000eaf00000)
  from space 1536K, 72% used [0x00000000eaf00000,0x00000000eb015660,0x00000000eb080000)
  to   space 1536K, 0% used [0x00000000eb080000,0x00000000eb080000,0x00000000eb200000)
 ParOldGen       total 169984K, used 160745K [0x00000000c0000000, 0x00000000ca600000, 0x00000000eab00000)
  object space 169984K, 94% used [0x00000000c0000000,0x00000000c9cfa5f8,0x00000000ca600000)
 Metaspace       used 46950K, committed 47744K, reserved 1097728K
  class space    used 5120K, committed 5440K, reserved 1048576K
}
Event: 24.262 GC heap after
{Heap after GC invocations=96 (full 6):
 PSYoungGen      total 5632K, used 1103K [0x00000000eab00000, 0x00000000eb200000, 0x0000000100000000)
  eden space 4096K, 0% used [0x00000000eab00000,0x00000000eab00000,0x00000000eaf00000)
  from space 1536K, 71% used [0x00000000eb080000,0x00000000eb193dd8,0x00000000eb200000)
  to   space 1536K, 0% used [0x00000000eaf00000,0x00000000eaf00000,0x00000000eb080000)
 ParOldGen       total 169984K, used 161711K [0x00000000c0000000, 0x00000000ca600000, 0x00000000eab00000)
  object space 169984K, 95% used [0x00000000c0000000,0x00000000c9debf60,0x00000000ca600000)
 Metaspace       used 46950K, committed 47744K, reserved 1097728K
  class space    used 5120K, committed 5440K, reserved 1048576K
}
Event: 24.313 GC heap before
{Heap before GC invocations=97 (full 6):
 PSYoungGen      total 5632K, used 5199K [0x00000000eab00000, 0x00000000eb200000, 0x0000000100000000)
  eden space 4096K, 100% used [0x00000000eab00000,0x00000000eaf00000,0x00000000eaf00000)
  from space 1536K, 71% used [0x00000000eb080000,0x00000000eb193dd8,0x00000000eb200000)
  to   space 1536K, 0% used [0x00000000eaf00000,0x00000000eaf00000,0x00000000eb080000)
 ParOldGen       total 169984K, used 161711K [0x00000000c0000000, 0x00000000ca600000, 0x00000000eab00000)
  object space 169984K, 95% used [0x00000000c0000000,0x00000000c9debf60,0x00000000ca600000)
 Metaspace       used 46950K, committed 47744K, reserved 1097728K
  class space    used 5120K, committed 5440K, reserved 1048576K
}
Event: 24.317 GC heap after
{Heap after GC invocations=97 (full 6):
 PSYoungGen      total 5632K, used 1097K [0x00000000eab00000, 0x00000000eb200000, 0x0000000100000000)
  eden space 4096K, 0% used [0x00000000eab00000,0x00000000eab00000,0x00000000eaf00000)
  from space 1536K, 71% used [0x00000000eaf00000,0x00000000eb012640,0x00000000eb080000)
  to   space 1536K, 0% used [0x00000000eb080000,0x00000000eb080000,0x00000000eb200000)
 ParOldGen       total 169984K, used 162733K [0x00000000c0000000, 0x00000000ca600000, 0x00000000eab00000)
  object space 169984K, 95% used [0x00000000c0000000,0x00000000c9eeb518,0x00000000ca600000)
 Metaspace       used 46950K, committed 47744K, reserved 1097728K
  class space    used 5120K, committed 5440K, reserved 1048576K
}
Event: 24.362 GC heap before
{Heap before GC invocations=98 (full 6):
 PSYoungGen      total 5632K, used 5193K [0x00000000eab00000, 0x00000000eb200000, 0x0000000100000000)
  eden space 4096K, 100% used [0x00000000eab00000,0x00000000eaf00000,0x00000000eaf00000)
  from space 1536K, 71% used [0x00000000eaf00000,0x00000000eb012640,0x00000000eb080000)
  to   space 1536K, 0% used [0x00000000eb080000,0x00000000eb080000,0x00000000eb200000)
 ParOldGen       total 169984K, used 162733K [0x00000000c0000000, 0x00000000ca600000, 0x00000000eab00000)
  object space 169984K, 95% used [0x00000000c0000000,0x00000000c9eeb518,0x00000000ca600000)
 Metaspace       used 46950K, committed 47744K, reserved 1097728K
  class space    used 5120K, committed 5440K, reserved 1048576K
}
Event: 24.364 GC heap after
{Heap after GC invocations=98 (full 6):
 PSYoungGen      total 5632K, used 1027K [0x00000000eab00000, 0x00000000eb200000, 0x0000000100000000)
  eden space 4096K, 0% used [0x00000000eab00000,0x00000000eab00000,0x00000000eaf00000)
  from space 1536K, 66% used [0x00000000eb080000,0x00000000eb180ff0,0x00000000eb200000)
  to   space 1536K, 0% used [0x00000000eaf00000,0x00000000eaf00000,0x00000000eb080000)
 ParOldGen       total 169984K, used 163693K [0x00000000c0000000, 0x00000000ca600000, 0x00000000eab00000)
  object space 169984K, 96% used [0x00000000c0000000,0x00000000c9fdb510,0x00000000ca600000)
 Metaspace       used 46950K, committed 47744K, reserved 1097728K
  class space    used 5120K, committed 5440K, reserved 1048576K
}
Event: 24.403 GC heap before
{Heap before GC invocations=99 (full 6):
 PSYoungGen      total 5632K, used 5123K [0x00000000eab00000, 0x00000000eb200000, 0x0000000100000000)
  eden space 4096K, 100% used [0x00000000eab00000,0x00000000eaf00000,0x00000000eaf00000)
  from space 1536K, 66% used [0x00000000eb080000,0x00000000eb180ff0,0x00000000eb200000)
  to   space 1536K, 0% used [0x00000000eaf00000,0x00000000eaf00000,0x00000000eb080000)
 ParOldGen       total 169984K, used 163693K [0x00000000c0000000, 0x00000000ca600000, 0x00000000eab00000)
  object space 169984K, 96% used [0x00000000c0000000,0x00000000c9fdb510,0x00000000ca600000)
 Metaspace       used 46950K, committed 47744K, reserved 1097728K
  class space    used 5120K, committed 5440K, reserved 1048576K
}
Event: 24.407 GC heap after
{Heap after GC invocations=99 (full 6):
 PSYoungGen      total 5632K, used 1510K [0x00000000eab00000, 0x00000000eb300000, 0x0000000100000000)
  eden space 4096K, 0% used [0x00000000eab00000,0x00000000eab00000,0x00000000eaf00000)
  from space 1536K, 98% used [0x00000000eaf00000,0x00000000eb079940,0x00000000eb080000)
  to   space 2048K, 0% used [0x00000000eb100000,0x00000000eb100000,0x00000000eb300000)
 ParOldGen       total 169984K, used 163954K [0x00000000c0000000, 0x00000000ca600000, 0x00000000eab00000)
  object space 169984K, 96% used [0x00000000c0000000,0x00000000ca01c8a8,0x00000000ca600000)
 Metaspace       used 46950K, committed 47744K, reserved 1097728K
  class space    used 5120K, committed 5440K, reserved 1048576K
}
Event: 24.444 GC heap before
{Heap before GC invocations=100 (full 6):
 PSYoungGen      total 5632K, used 5606K [0x00000000eab00000, 0x00000000eb300000, 0x0000000100000000)
  eden space 4096K, 100% used [0x00000000eab00000,0x00000000eaf00000,0x00000000eaf00000)
  from space 1536K, 98% used [0x00000000eaf00000,0x00000000eb079940,0x00000000eb080000)
  to   space 2048K, 0% used [0x00000000eb100000,0x00000000eb100000,0x00000000eb300000)
 ParOldGen       total 169984K, used 163954K [0x00000000c0000000, 0x00000000ca600000, 0x00000000eab00000)
  object space 169984K, 96% used [0x00000000c0000000,0x00000000ca01c8a8,0x00000000ca600000)
 Metaspace       used 46950K, committed 47744K, reserved 1097728K
  class space    used 5120K, committed 5440K, reserved 1048576K
}
Event: 24.448 GC heap after
{Heap after GC invocations=100 (full 6):
 PSYoungGen      total 5632K, used 1181K [0x00000000eab00000, 0x00000000eb280000, 0x0000000100000000)
  eden space 4096K, 0% used [0x00000000eab00000,0x00000000eab00000,0x00000000eaf00000)
  from space 1536K, 76% used [0x00000000eb100000,0x00000000eb2277a0,0x00000000eb280000)
  to   space 1536K, 0% used [0x00000000eaf00000,0x00000000eaf00000,0x00000000eb080000)
 ParOldGen       total 169984K, used 165484K [0x00000000c0000000, 0x00000000ca600000, 0x00000000eab00000)
  object space 169984K, 97% used [0x00000000c0000000,0x00000000ca19b270,0x00000000ca600000)
 Metaspace       used 46950K, committed 47744K, reserved 1097728K
  class space    used 5120K, committed 5440K, reserved 1048576K
}

